{"/workspaces/arcogine/ui/src/api/client.ts": {"path":"/workspaces/arcogine/ui/src/api/client.ts","statementMap":{"0":{"start":{"line":1,"column":13},"end":{"line":1,"column":null}},"1":{"start":{"line":4,"column":19},"end":{"line":4,"column":null}},"2":{"start":{"line":5,"column":2},"end":{"line":12,"column":null}},"3":{"start":{"line":6,"column":26},"end":{"line":6,"column":42}},"4":{"start":{"line":7,"column":4},"end":{"line":10,"column":null}},"5":{"start":{"line":8,"column":16},"end":{"line":8,"column":null}},"6":{"start":{"line":9,"column":6},"end":{"line":9,"column":null}},"7":{"start":{"line":9,"column":39},"end":{"line":9,"column":null}},"8":{"start":{"line":10,"column":6},"end":{"line":10,"column":null}},"9":{"start":{"line":10,"column":41},"end":{"line":10,"column":null}},"10":{"start":{"line":15,"column":2},"end":{"line":15,"column":null}},"11":{"start":{"line":19,"column":18},"end":{"line":19,"column":44}},"12":{"start":{"line":20,"column":2},"end":{"line":21,"column":null}},"13":{"start":{"line":21,"column":4},"end":{"line":21,"column":null}},"14":{"start":{"line":23,"column":14},"end":{"line":23,"column":65}},"15":{"start":{"line":24,"column":2},"end":{"line":25,"column":null}},"16":{"start":{"line":25,"column":4},"end":{"line":25,"column":null}},"17":{"start":{"line":27,"column":2},"end":{"line":27,"column":null}},"18":{"start":{"line":93,"column":2},"end":{"line":93,"column":null}},"19":{"start":{"line":97,"column":2},"end":{"line":100,"column":null}},"20":{"start":{"line":104,"column":2},"end":{"line":104,"column":null}},"21":{"start":{"line":108,"column":2},"end":{"line":108,"column":null}},"22":{"start":{"line":112,"column":2},"end":{"line":112,"column":null}},"23":{"start":{"line":116,"column":2},"end":{"line":116,"column":null}},"24":{"start":{"line":120,"column":2},"end":{"line":123,"column":null}},"25":{"start":{"line":127,"column":2},"end":{"line":130,"column":null}},"26":{"start":{"line":134,"column":2},"end":{"line":137,"column":null}},"27":{"start":{"line":141,"column":2},"end":{"line":141,"column":null}},"28":{"start":{"line":145,"column":2},"end":{"line":145,"column":null}},"29":{"start":{"line":149,"column":2},"end":{"line":149,"column":null}},"30":{"start":{"line":153,"column":2},"end":{"line":153,"column":null}},"31":{"start":{"line":157,"column":2},"end":{"line":157,"column":null}}},"fnMap":{"0":{"name":"readErrorMessage","decl":{"start":{"line":3,"column":15},"end":{"line":3,"column":32}},"loc":{"start":{"line":3,"column":64},"end":{"line":15,"column":null}},"line":3},"1":{"name":"jsonRequest","decl":{"start":{"line":18,"column":15},"end":{"line":18,"column":30}},"loc":{"start":{"line":18,"column":76},"end":{"line":27,"column":null}},"line":18},"2":{"name":"getHealth","decl":{"start":{"line":92,"column":16},"end":{"line":92,"column":28}},"loc":{"start":{"line":92,"column":28},"end":{"line":93,"column":null}},"line":92},"3":{"name":"postScenario","decl":{"start":{"line":96,"column":16},"end":{"line":96,"column":29}},"loc":{"start":{"line":96,"column":43},"end":{"line":100,"column":null}},"line":96},"4":{"name":"postSimRun","decl":{"start":{"line":103,"column":16},"end":{"line":103,"column":29}},"loc":{"start":{"line":103,"column":29},"end":{"line":104,"column":null}},"line":103},"5":{"name":"postSimPause","decl":{"start":{"line":107,"column":16},"end":{"line":107,"column":31}},"loc":{"start":{"line":107,"column":31},"end":{"line":108,"column":null}},"line":107},"6":{"name":"postSimStep","decl":{"start":{"line":111,"column":16},"end":{"line":111,"column":30}},"loc":{"start":{"line":111,"column":30},"end":{"line":112,"column":null}},"line":111},"7":{"name":"postSimReset","decl":{"start":{"line":115,"column":16},"end":{"line":115,"column":31}},"loc":{"start":{"line":115,"column":31},"end":{"line":116,"column":null}},"line":115},"8":{"name":"postPrice","decl":{"start":{"line":119,"column":16},"end":{"line":119,"column":26}},"loc":{"start":{"line":119,"column":41},"end":{"line":123,"column":null}},"line":119},"9":{"name":"postMachines","decl":{"start":{"line":126,"column":16},"end":{"line":126,"column":29}},"loc":{"start":{"line":126,"column":66},"end":{"line":130,"column":null}},"line":126},"10":{"name":"postAgent","decl":{"start":{"line":133,"column":16},"end":{"line":133,"column":26}},"loc":{"start":{"line":133,"column":44},"end":{"line":137,"column":null}},"line":133},"11":{"name":"getKpis","decl":{"start":{"line":140,"column":16},"end":{"line":140,"column":26}},"loc":{"start":{"line":140,"column":26},"end":{"line":141,"column":null}},"line":140},"12":{"name":"getSnapshot","decl":{"start":{"line":144,"column":16},"end":{"line":144,"column":30}},"loc":{"start":{"line":144,"column":30},"end":{"line":145,"column":null}},"line":144},"13":{"name":"getTopology","decl":{"start":{"line":148,"column":16},"end":{"line":148,"column":30}},"loc":{"start":{"line":148,"column":30},"end":{"line":149,"column":null}},"line":148},"14":{"name":"getJobs","decl":{"start":{"line":152,"column":16},"end":{"line":152,"column":26}},"loc":{"start":{"line":152,"column":26},"end":{"line":153,"column":null}},"line":152},"15":{"name":"getExportEvents","decl":{"start":{"line":156,"column":16},"end":{"line":156,"column":34}},"loc":{"start":{"line":156,"column":34},"end":{"line":157,"column":null}},"line":156}},"branchMap":{"0":{"loc":{"start":{"line":4,"column":19},"end":{"line":4,"column":null}},"type":"binary-expr","locations":[{"start":{"line":4,"column":19},"end":{"line":4,"column":37}},{"start":{"line":4,"column":37},"end":{"line":4,"column":null}}],"line":4},"1":{"loc":{"start":{"line":7,"column":4},"end":{"line":10,"column":null}},"type":"if","locations":[{"start":{"line":7,"column":4},"end":{"line":10,"column":null}},{"start":{},"end":{}}],"line":7},"2":{"loc":{"start":{"line":7,"column":8},"end":{"line":7,"column":42}},"type":"binary-expr","locations":[{"start":{"line":7,"column":8},"end":{"line":7,"column":16}},{"start":{"line":7,"column":16},"end":{"line":7,"column":42}}],"line":7},"3":{"loc":{"start":{"line":9,"column":6},"end":{"line":9,"column":null}},"type":"if","locations":[{"start":{"line":9,"column":6},"end":{"line":9,"column":null}},{"start":{},"end":{}}],"line":9},"4":{"loc":{"start":{"line":10,"column":6},"end":{"line":10,"column":null}},"type":"if","locations":[{"start":{"line":10,"column":6},"end":{"line":10,"column":null}},{"start":{},"end":{}}],"line":10},"5":{"loc":{"start":{"line":20,"column":2},"end":{"line":21,"column":null}},"type":"if","locations":[{"start":{"line":20,"column":2},"end":{"line":21,"column":null}},{"start":{},"end":{}}],"line":20},"6":{"loc":{"start":{"line":20,"column":6},"end":{"line":20,"column":62}},"type":"binary-expr","locations":[{"start":{"line":20,"column":6},"end":{"line":20,"column":34}},{"start":{"line":20,"column":34},"end":{"line":20,"column":62}}],"line":20},"7":{"loc":{"start":{"line":24,"column":2},"end":{"line":25,"column":null}},"type":"if","locations":[{"start":{"line":24,"column":2},"end":{"line":25,"column":null}},{"start":{},"end":{}}],"line":24}},"s":{"0":4,"1":5,"2":5,"3":5,"4":4,"5":4,"6":4,"7":3,"8":1,"9":1,"10":1,"11":9,"12":9,"13":3,"14":9,"15":9,"16":5,"17":4,"18":4,"19":1,"20":1,"21":0,"22":0,"23":0,"24":2,"25":0,"26":0,"27":0,"28":1,"29":0,"30":0,"31":0},"f":{"0":5,"1":9,"2":4,"3":1,"4":1,"5":0,"6":0,"7":0,"8":2,"9":0,"10":0,"11":0,"12":1,"13":0,"14":0,"15":0},"b":{"0":[5,0],"1":[4,0],"2":[4,4],"3":[3,1],"4":[1,0],"5":[3,6],"6":[9,3],"7":[5,4]},"meta":{"lastBranch":8,"lastFunction":16,"lastStatement":32,"seen":{"s:1:13:1:Infinity":0,"f:3:15:3:32":0,"s:4:19:4:Infinity":1,"b:4:19:4:37:4:37:4:Infinity":0,"s:5:2:12:Infinity":2,"s:6:26:6:42":3,"b:7:4:10:Infinity:undefined:undefined:undefined:undefined":1,"s:7:4:10:Infinity":4,"b:7:8:7:16:7:16:7:42":2,"s:8:16:8:Infinity":5,"b:9:6:9:Infinity:undefined:undefined:undefined:undefined":3,"s:9:6:9:Infinity":6,"s:9:39:9:Infinity":7,"b:10:6:10:Infinity:undefined:undefined:undefined:undefined":4,"s:10:6:10:Infinity":8,"s:10:41:10:Infinity":9,"s:15:2:15:Infinity":10,"f:18:15:18:30":1,"s:19:18:19:44":11,"b:20:2:21:Infinity:undefined:undefined:undefined:undefined":5,"s:20:2:21:Infinity":12,"b:20:6:20:34:20:34:20:62":6,"s:21:4:21:Infinity":13,"s:23:14:23:65":14,"b:24:2:25:Infinity:undefined:undefined:undefined:undefined":7,"s:24:2:25:Infinity":15,"s:25:4:25:Infinity":16,"s:27:2:27:Infinity":17,"f:92:16:92:28":2,"s:93:2:93:Infinity":18,"f:96:16:96:29":3,"s:97:2:100:Infinity":19,"f:103:16:103:29":4,"s:104:2:104:Infinity":20,"f:107:16:107:31":5,"s:108:2:108:Infinity":21,"f:111:16:111:30":6,"s:112:2:112:Infinity":22,"f:115:16:115:31":7,"s:116:2:116:Infinity":23,"f:119:16:119:26":8,"s:120:2:123:Infinity":24,"f:126:16:126:29":9,"s:127:2:130:Infinity":25,"f:133:16:133:26":10,"s:134:2:137:Infinity":26,"f:140:16:140:26":11,"s:141:2:141:Infinity":27,"f:144:16:144:30":12,"s:145:2:145:Infinity":28,"f:148:16:148:30":13,"s:149:2:149:Infinity":29,"f:152:16:152:26":14,"s:153:2:153:Infinity":30,"f:156:16:156:34":15,"s:157:2:157:Infinity":31}}}
,"/workspaces/arcogine/ui/src/api/sse.ts": {"path":"/workspaces/arcogine/ui/src/api/sse.ts","statementMap":{"0":{"start":{"line":3,"column":20},"end":{"line":3,"column":null}},"1":{"start":{"line":5,"column":24},"end":{"line":14,"column":null}},"2":{"start":{"line":17,"column":35},"end":{"line":17,"column":null}},"3":{"start":{"line":18,"column":65},"end":{"line":18,"column":null}},"4":{"start":{"line":19,"column":28},"end":{"line":19,"column":null}},"5":{"start":{"line":30,"column":4},"end":{"line":30,"column":null}},"6":{"start":{"line":31,"column":4},"end":{"line":31,"column":null}},"7":{"start":{"line":32,"column":4},"end":{"line":32,"column":null}},"8":{"start":{"line":33,"column":4},"end":{"line":33,"column":null}},"9":{"start":{"line":34,"column":4},"end":{"line":34,"column":null}},"10":{"start":{"line":38,"column":4},"end":{"line":38,"column":null}},"11":{"start":{"line":39,"column":4},"end":{"line":39,"column":null}},"12":{"start":{"line":40,"column":4},"end":{"line":41,"column":null}},"13":{"start":{"line":41,"column":6},"end":{"line":41,"column":null}},"14":{"start":{"line":43,"column":4},"end":{"line":43,"column":null}},"15":{"start":{"line":44,"column":4},"end":{"line":44,"column":null}},"16":{"start":{"line":48,"column":4},"end":{"line":48,"column":null}},"17":{"start":{"line":49,"column":4},"end":{"line":49,"column":null}},"18":{"start":{"line":50,"column":4},"end":{"line":52,"column":null}},"19":{"start":{"line":51,"column":6},"end":{"line":51,"column":null}},"20":{"start":{"line":52,"column":6},"end":{"line":52,"column":null}},"21":{"start":{"line":57,"column":4},"end":{"line":59,"column":null}},"22":{"start":{"line":58,"column":6},"end":{"line":58,"column":null}},"23":{"start":{"line":59,"column":6},"end":{"line":59,"column":null}},"24":{"start":{"line":64,"column":4},"end":{"line":64,"column":null}},"25":{"start":{"line":64,"column":31},"end":{"line":64,"column":null}},"26":{"start":{"line":65,"column":4},"end":{"line":65,"column":null}},"27":{"start":{"line":66,"column":4},"end":{"line":69,"column":null}},"28":{"start":{"line":67,"column":6},"end":{"line":67,"column":null}},"29":{"start":{"line":68,"column":6},"end":{"line":68,"column":null}},"30":{"start":{"line":70,"column":4},"end":{"line":70,"column":null}},"31":{"start":{"line":74,"column":4},"end":{"line":74,"column":null}},"32":{"start":{"line":74,"column":31},"end":{"line":74,"column":null}},"33":{"start":{"line":75,"column":15},"end":{"line":75,"column":40}},"34":{"start":{"line":76,"column":4},"end":{"line":76,"column":null}},"35":{"start":{"line":78,"column":10},"end":{"line":82,"column":null}},"36":{"start":{"line":79,"column":6},"end":{"line":82,"column":null}},"37":{"start":{"line":80,"column":23},"end":{"line":80,"column":42}},"38":{"start":{"line":81,"column":8},"end":{"line":81,"column":null}},"39":{"start":{"line":87,"column":4},"end":{"line":88,"column":null}},"40":{"start":{"line":88,"column":6},"end":{"line":88,"column":null}},"41":{"start":{"line":91,"column":4},"end":{"line":92,"column":null}},"42":{"start":{"line":92,"column":6},"end":{"line":92,"column":null}},"43":{"start":{"line":95,"column":4},"end":{"line":101,"column":null}},"44":{"start":{"line":96,"column":6},"end":{"line":96,"column":null}},"45":{"start":{"line":97,"column":6},"end":{"line":98,"column":null}},"46":{"start":{"line":98,"column":8},"end":{"line":98,"column":null}},"47":{"start":{"line":100,"column":6},"end":{"line":101,"column":null}},"48":{"start":{"line":101,"column":8},"end":{"line":101,"column":null}}},"fnMap":{"0":{"name":"(anonymous_0)","decl":{"start":{"line":26,"column":2},"end":{"line":26,"column":null}},"loc":{"start":{"line":29,"column":4},"end":{"line":34,"column":null}},"line":29},"1":{"name":"(anonymous_1)","decl":{"start":{"line":37,"column":2},"end":{"line":37,"column":18}},"loc":{"start":{"line":37,"column":18},"end":{"line":44,"column":null}},"line":37},"2":{"name":"(anonymous_2)","decl":{"start":{"line":47,"column":2},"end":{"line":47,"column":21}},"loc":{"start":{"line":47,"column":21},"end":{"line":52,"column":null}},"line":47},"3":{"name":"(anonymous_3)","decl":{"start":{"line":56,"column":2},"end":{"line":56,"column":10}},"loc":{"start":{"line":56,"column":38},"end":{"line":59,"column":null}},"line":56},"4":{"name":"(anonymous_4)","decl":{"start":{"line":63,"column":2},"end":{"line":63,"column":10}},"loc":{"start":{"line":63,"column":36},"end":{"line":70,"column":null}},"line":63},"5":{"name":"(anonymous_5)","decl":{"start":{"line":66,"column":26},"end":{"line":66,"column":43}},"loc":{"start":{"line":66,"column":43},"end":{"line":69,"column":12}},"line":66},"6":{"name":"(anonymous_6)","decl":{"start":{"line":73,"column":2},"end":{"line":73,"column":10}},"loc":{"start":{"line":73,"column":23},"end":{"line":101,"column":null}},"line":73},"7":{"name":"(anonymous_7)","decl":{"start":{"line":78,"column":10},"end":{"line":78,"column":20}},"loc":{"start":{"line":78,"column":49},"end":{"line":82,"column":null}},"line":78},"8":{"name":"(anonymous_8)","decl":{"start":{"line":91,"column":7},"end":{"line":91,"column":22}},"loc":{"start":{"line":91,"column":22},"end":{"line":92,"column":null}},"line":91},"9":{"name":"(anonymous_9)","decl":{"start":{"line":95,"column":7},"end":{"line":95,"column":23}},"loc":{"start":{"line":95,"column":23},"end":{"line":101,"column":null}},"line":95}},"branchMap":{"0":{"loc":{"start":{"line":31,"column":15},"end":{"line":31,"column":null}},"type":"binary-expr","locations":[{"start":{"line":31,"column":15},"end":{"line":31,"column":31}},{"start":{"line":31,"column":31},"end":{"line":31,"column":null}}],"line":31},"1":{"loc":{"start":{"line":32,"column":26},"end":{"line":32,"column":null}},"type":"binary-expr","locations":[{"start":{"line":32,"column":26},"end":{"line":32,"column":62}},{"start":{"line":32,"column":62},"end":{"line":32,"column":null}}],"line":32},"2":{"loc":{"start":{"line":34,"column":22},"end":{"line":34,"column":null}},"type":"binary-expr","locations":[{"start":{"line":34,"column":22},"end":{"line":34,"column":54}},{"start":{"line":34,"column":54},"end":{"line":34,"column":null}}],"line":34},"3":{"loc":{"start":{"line":40,"column":4},"end":{"line":41,"column":null}},"type":"if","locations":[{"start":{"line":40,"column":4},"end":{"line":41,"column":null}},{"start":{},"end":{}}],"line":40},"4":{"loc":{"start":{"line":40,"column":8},"end":{"line":40,"column":100}},"type":"binary-expr","locations":[{"start":{"line":40,"column":8},"end":{"line":40,"column":52}},{"start":{"line":40,"column":52},"end":{"line":40,"column":100}}],"line":40},"5":{"loc":{"start":{"line":50,"column":4},"end":{"line":52,"column":null}},"type":"if","locations":[{"start":{"line":50,"column":4},"end":{"line":52,"column":null}},{"start":{},"end":{}}],"line":50},"6":{"loc":{"start":{"line":57,"column":4},"end":{"line":59,"column":null}},"type":"if","locations":[{"start":{"line":57,"column":4},"end":{"line":59,"column":null}},{"start":{},"end":{}}],"line":57},"7":{"loc":{"start":{"line":64,"column":4},"end":{"line":64,"column":null}},"type":"if","locations":[{"start":{"line":64,"column":4},"end":{"line":64,"column":null}},{"start":{},"end":{}}],"line":64},"8":{"loc":{"start":{"line":74,"column":4},"end":{"line":74,"column":null}},"type":"if","locations":[{"start":{"line":74,"column":4},"end":{"line":74,"column":null}},{"start":{},"end":{}}],"line":74},"9":{"loc":{"start":{"line":97,"column":6},"end":{"line":98,"column":null}},"type":"if","locations":[{"start":{"line":97,"column":6},"end":{"line":98,"column":null}},{"start":{},"end":{}}],"line":97},"10":{"loc":{"start":{"line":100,"column":6},"end":{"line":101,"column":null}},"type":"if","locations":[{"start":{"line":100,"column":6},"end":{"line":101,"column":null}},{"start":{},"end":{}}],"line":100}},"s":{"0":4,"1":4,"2":5,"3":5,"4":5,"5":5,"6":5,"7":5,"8":5,"9":5,"10":6,"11":6,"12":6,"13":1,"14":5,"15":5,"16":6,"17":6,"18":6,"19":5,"20":5,"21":16,"22":0,"23":0,"24":5,"25":0,"26":5,"27":5,"28":5,"29":5,"30":5,"31":10,"32":0,"33":10,"34":10,"35":10,"36":2,"37":2,"38":2,"39":10,"40":80,"41":10,"42":10,"43":10,"44":5,"45":5,"46":5,"47":5,"48":5},"f":{"0":5,"1":6,"2":6,"3":16,"4":5,"5":5,"6":10,"7":2,"8":10,"9":5},"b":{"0":[5,5],"1":[5,0],"2":[5,0],"3":[1,5],"4":[6,5],"5":[5,1],"6":[0,16],"7":[0,5],"8":[0,10],"9":[5,0],"10":[5,0]},"meta":{"lastBranch":11,"lastFunction":10,"lastStatement":49,"seen":{"s:3:20:3:Infinity":0,"s:5:24:14:Infinity":1,"s:17:35:17:Infinity":2,"s:18:65:18:Infinity":3,"s:19:28:19:Infinity":4,"f:26:2:26:Infinity":0,"s:30:4:30:Infinity":5,"s:31:4:31:Infinity":6,"b:31:15:31:31:31:31:31:Infinity":0,"s:32:4:32:Infinity":7,"b:32:26:32:62:32:62:32:Infinity":1,"s:33:4:33:Infinity":8,"s:34:4:34:Infinity":9,"b:34:22:34:54:34:54:34:Infinity":2,"f:37:2:37:18":1,"s:38:4:38:Infinity":10,"s:39:4:39:Infinity":11,"b:40:4:41:Infinity:undefined:undefined:undefined:undefined":3,"s:40:4:41:Infinity":12,"b:40:8:40:52:40:52:40:100":4,"s:41:6:41:Infinity":13,"s:43:4:43:Infinity":14,"s:44:4:44:Infinity":15,"f:47:2:47:21":2,"s:48:4:48:Infinity":16,"s:49:4:49:Infinity":17,"b:50:4:52:Infinity:undefined:undefined:undefined:undefined":5,"s:50:4:52:Infinity":18,"s:51:6:51:Infinity":19,"s:52:6:52:Infinity":20,"f:56:2:56:10":3,"b:57:4:59:Infinity:undefined:undefined:undefined:undefined":6,"s:57:4:59:Infinity":21,"s:58:6:58:Infinity":22,"s:59:6:59:Infinity":23,"f:63:2:63:10":4,"b:64:4:64:Infinity:undefined:undefined:undefined:undefined":7,"s:64:4:64:Infinity":24,"s:64:31:64:Infinity":25,"s:65:4:65:Infinity":26,"s:66:4:69:Infinity":27,"f:66:26:66:43":5,"s:67:6:67:Infinity":28,"s:68:6:68:Infinity":29,"s:70:4:70:Infinity":30,"f:73:2:73:10":6,"b:74:4:74:Infinity:undefined:undefined:undefined:undefined":8,"s:74:4:74:Infinity":31,"s:74:31:74:Infinity":32,"s:75:15:75:40":33,"s:76:4:76:Infinity":34,"s:78:10:82:Infinity":35,"f:78:10:78:20":7,"s:79:6:82:Infinity":36,"s:80:23:80:42":37,"s:81:8:81:Infinity":38,"s:87:4:88:Infinity":39,"s:88:6:88:Infinity":40,"s:91:4:92:Infinity":41,"f:91:7:91:22":8,"s:92:6:92:Infinity":42,"s:95:4:101:Infinity":43,"f:95:7:95:23":9,"s:96:6:96:Infinity":44,"b:97:6:98:Infinity:undefined:undefined:undefined:undefined":9,"s:97:6:98:Infinity":45,"s:98:8:98:Infinity":46,"b:100:6:101:Infinity:undefined:undefined:undefined:undefined":10,"s:100:6:101:Infinity":47,"s:101:8:101:Infinity":48}}}
,"/workspaces/arcogine/ui/src/components/dashboard/JobTracker.tsx": {"path":"/workspaces/arcogine/ui/src/components/dashboard/JobTracker.tsx","statementMap":{"0":{"start":{"line":8,"column":15},"end":{"line":8,"column":null}},"1":{"start":{"line":9,"column":2},"end":{"line":19,"column":null}},"2":{"start":{"line":11,"column":6},"end":{"line":11,"column":null}},"3":{"start":{"line":13,"column":6},"end":{"line":13,"column":null}},"4":{"start":{"line":15,"column":6},"end":{"line":15,"column":null}},"5":{"start":{"line":17,"column":6},"end":{"line":17,"column":null}},"6":{"start":{"line":19,"column":6},"end":{"line":19,"column":null}},"7":{"start":{"line":24,"column":13},"end":{"line":24,"column":null}},"8":{"start":{"line":25,"column":13},"end":{"line":25,"column":null}},"9":{"start":{"line":26,"column":2},"end":{"line":26,"column":null}},"10":{"start":{"line":26,"column":32},"end":{"line":26,"column":null}},"11":{"start":{"line":27,"column":2},"end":{"line":27,"column":null}},"12":{"start":{"line":27,"column":18},"end":{"line":27,"column":null}},"13":{"start":{"line":28,"column":2},"end":{"line":28,"column":null}},"14":{"start":{"line":28,"column":18},"end":{"line":28,"column":null}},"15":{"start":{"line":29,"column":2},"end":{"line":30,"column":null}},"16":{"start":{"line":30,"column":4},"end":{"line":30,"column":null}},"17":{"start":{"line":32,"column":2},"end":{"line":33,"column":null}},"18":{"start":{"line":33,"column":4},"end":{"line":33,"column":null}},"19":{"start":{"line":35,"column":2},"end":{"line":35,"column":null}},"20":{"start":{"line":39,"column":2},"end":{"line":39,"column":null}},"21":{"start":{"line":42,"column":8},"end":{"line":42,"column":64}},"22":{"start":{"line":42,"column":41},"end":{"line":42,"column":63}},"23":{"start":{"line":43,"column":18},"end":{"line":43,"column":59}},"24":{"start":{"line":44,"column":18},"end":{"line":44,"column":51}},"25":{"start":{"line":46,"column":8},"end":{"line":50,"column":30}},"26":{"start":{"line":47,"column":17},"end":{"line":47,"column":26}},"27":{"start":{"line":48,"column":4},"end":{"line":48,"column":null}},"28":{"start":{"line":48,"column":24},"end":{"line":48,"column":59}},"29":{"start":{"line":49,"column":4},"end":{"line":49,"column":null}},"30":{"start":{"line":53,"column":4},"end":{"line":57,"column":null}},"31":{"start":{"line":54,"column":6},"end":{"line":54,"column":null}},"32":{"start":{"line":54,"column":25},"end":{"line":54,"column":43}},"33":{"start":{"line":56,"column":6},"end":{"line":56,"column":null}},"34":{"start":{"line":57,"column":6},"end":{"line":57,"column":null}},"35":{"start":{"line":62,"column":19},"end":{"line":62,"column":null}},"36":{"start":{"line":63,"column":4},"end":{"line":66,"column":null}},"37":{"start":{"line":64,"column":44},"end":{"line":64,"column":55}},"38":{"start":{"line":71,"column":2},"end":{"line":75,"column":null}},"39":{"start":{"line":72,"column":4},"end":{"line":75,"column":null}},"40":{"start":{"line":79,"column":2},"end":{"line":120,"column":null}},"41":{"start":{"line":94,"column":12},"end":{"line":116,"column":null}}},"fnMap":{"0":{"name":"statusClass","decl":{"start":{"line":7,"column":9},"end":{"line":7,"column":21}},"loc":{"start":{"line":7,"column":56},"end":{"line":19,"column":null}},"line":7},"1":{"name":"compareJobs","decl":{"start":{"line":23,"column":9},"end":{"line":23,"column":21}},"loc":{"start":{"line":23,"column":80},"end":{"line":35,"column":null}},"line":23},"2":{"name":"JobTracker","decl":{"start":{"line":41,"column":16},"end":{"line":41,"column":29}},"loc":{"start":{"line":41,"column":29},"end":{"line":120,"column":null}},"line":41},"3":{"name":"(anonymous_3)","decl":{"start":{"line":42,"column":15},"end":{"line":42,"column":35}},"loc":{"start":{"line":42,"column":41},"end":{"line":42,"column":63}},"line":42},"4":{"name":"(anonymous_4)","decl":{"start":{"line":46,"column":17},"end":{"line":46,"column":31}},"loc":{"start":{"line":46,"column":31},"end":{"line":50,"column":6}},"line":46},"5":{"name":"(anonymous_5)","decl":{"start":{"line":48,"column":9},"end":{"line":48,"column":15}},"loc":{"start":{"line":48,"column":24},"end":{"line":48,"column":59}},"line":48},"6":{"name":"toggle","decl":{"start":{"line":52,"column":11},"end":{"line":52,"column":18}},"loc":{"start":{"line":52,"column":32},"end":{"line":57,"column":null}},"line":52},"7":{"name":"(anonymous_7)","decl":{"start":{"line":54,"column":6},"end":{"line":54,"column":18}},"loc":{"start":{"line":54,"column":25},"end":{"line":54,"column":43}},"line":54},"8":{"name":"headerLabel","decl":{"start":{"line":61,"column":11},"end":{"line":61,"column":23}},"loc":{"start":{"line":61,"column":52},"end":{"line":66,"column":null}},"line":61},"9":{"name":"(anonymous_9)","decl":{"start":{"line":64,"column":29},"end":{"line":64,"column":44}},"loc":{"start":{"line":64,"column":44},"end":{"line":64,"column":55}},"line":64},"10":{"name":"(anonymous_10)","decl":{"start":{"line":93,"column":18},"end":{"line":93,"column":23}},"loc":{"start":{"line":94,"column":12},"end":{"line":116,"column":null}},"line":94}},"branchMap":{"0":{"loc":{"start":{"line":9,"column":2},"end":{"line":19,"column":null}},"type":"switch","locations":[{"start":{"line":10,"column":4},"end":{"line":11,"column":null}},{"start":{"line":12,"column":4},"end":{"line":13,"column":null}},{"start":{"line":14,"column":4},"end":{"line":15,"column":null}},{"start":{"line":16,"column":4},"end":{"line":17,"column":null}},{"start":{"line":18,"column":4},"end":{"line":19,"column":null}}],"line":9},"1":{"loc":{"start":{"line":26,"column":2},"end":{"line":26,"column":null}},"type":"if","locations":[{"start":{"line":26,"column":2},"end":{"line":26,"column":null}},{"start":{},"end":{}}],"line":26},"2":{"loc":{"start":{"line":26,"column":6},"end":{"line":26,"column":32}},"type":"binary-expr","locations":[{"start":{"line":26,"column":6},"end":{"line":26,"column":20}},{"start":{"line":26,"column":20},"end":{"line":26,"column":32}}],"line":26},"3":{"loc":{"start":{"line":27,"column":2},"end":{"line":27,"column":null}},"type":"if","locations":[{"start":{"line":27,"column":2},"end":{"line":27,"column":null}},{"start":{},"end":{}}],"line":27},"4":{"loc":{"start":{"line":28,"column":2},"end":{"line":28,"column":null}},"type":"if","locations":[{"start":{"line":28,"column":2},"end":{"line":28,"column":null}},{"start":{},"end":{}}],"line":28},"5":{"loc":{"start":{"line":29,"column":2},"end":{"line":30,"column":null}},"type":"if","locations":[{"start":{"line":29,"column":2},"end":{"line":30,"column":null}},{"start":{},"end":{}}],"line":29},"6":{"loc":{"start":{"line":29,"column":6},"end":{"line":29,"column":56}},"type":"binary-expr","locations":[{"start":{"line":29,"column":6},"end":{"line":29,"column":32}},{"start":{"line":29,"column":32},"end":{"line":29,"column":56}}],"line":29},"7":{"loc":{"start":{"line":32,"column":2},"end":{"line":33,"column":null}},"type":"if","locations":[{"start":{"line":32,"column":2},"end":{"line":33,"column":null}},{"start":{},"end":{}}],"line":32},"8":{"loc":{"start":{"line":32,"column":6},"end":{"line":32,"column":56}},"type":"binary-expr","locations":[{"start":{"line":32,"column":6},"end":{"line":32,"column":32}},{"start":{"line":32,"column":32},"end":{"line":32,"column":56}}],"line":32},"9":{"loc":{"start":{"line":42,"column":41},"end":{"line":42,"column":63}},"type":"binary-expr","locations":[{"start":{"line":42,"column":41},"end":{"line":42,"column":61}},{"start":{"line":42,"column":61},"end":{"line":42,"column":63}}],"line":42},"10":{"loc":{"start":{"line":53,"column":4},"end":{"line":57,"column":null}},"type":"if","locations":[{"start":{"line":53,"column":4},"end":{"line":57,"column":null}},{"start":{"line":55,"column":11},"end":{"line":57,"column":null}}],"line":53},"11":{"loc":{"start":{"line":54,"column":25},"end":{"line":54,"column":43}},"type":"cond-expr","locations":[{"start":{"line":54,"column":35},"end":{"line":54,"column":40}},{"start":{"line":54,"column":40},"end":{"line":54,"column":43}}],"line":54},"12":{"loc":{"start":{"line":66,"column":9},"end":{"line":66,"column":null}},"type":"cond-expr","locations":[{"start":{"line":66,"column":19},"end":{"line":66,"column":50}},{"start":{"line":66,"column":50},"end":{"line":66,"column":null}}],"line":66},"13":{"loc":{"start":{"line":66,"column":19},"end":{"line":66,"column":50}},"type":"cond-expr","locations":[{"start":{"line":66,"column":35},"end":{"line":66,"column":42}},{"start":{"line":66,"column":42},"end":{"line":66,"column":50}}],"line":66},"14":{"loc":{"start":{"line":71,"column":2},"end":{"line":75,"column":null}},"type":"if","locations":[{"start":{"line":71,"column":2},"end":{"line":75,"column":null}},{"start":{},"end":{}}],"line":71},"15":{"loc":{"start":{"line":114,"column":17},"end":{"line":114,"column":null}},"type":"cond-expr","locations":[{"start":{"line":114,"column":37},"end":{"line":114,"column":57}},{"start":{"line":114,"column":60},"end":{"line":114,"column":null}}],"line":114}},"s":{"0":7,"1":7,"2":3,"3":1,"4":3,"5":0,"6":0,"7":3,"8":3,"9":3,"10":0,"11":3,"12":0,"13":3,"14":0,"15":3,"16":0,"17":3,"18":3,"19":0,"20":1,"21":5,"22":15,"23":5,"24":5,"25":5,"26":5,"27":5,"28":3,"29":5,"30":1,"31":1,"32":1,"33":0,"34":0,"35":24,"36":24,"37":1,"38":5,"39":1,"40":4,"41":7},"f":{"0":7,"1":3,"2":5,"3":15,"4":5,"5":3,"6":1,"7":1,"8":24,"9":1,"10":7},"b":{"0":[3,1,3,0,0],"1":[0,3],"2":[3,0],"3":[0,3],"4":[0,3],"5":[0,3],"6":[3,0],"7":[3,0],"8":[3,3],"9":[15,0],"10":[1,0],"11":[1,0],"12":[4,20],"13":[3,1],"14":[1,4],"15":[3,4]},"meta":{"lastBranch":16,"lastFunction":11,"lastStatement":42,"seen":{"f:7:9:7:21":0,"s:8:15:8:Infinity":0,"b:10:4:11:Infinity:12:4:13:Infinity:14:4:15:Infinity:16:4:17:Infinity:18:4:19:Infinity":0,"s:9:2:19:Infinity":1,"s:11:6:11:Infinity":2,"s:13:6:13:Infinity":3,"s:15:6:15:Infinity":4,"s:17:6:17:Infinity":5,"s:19:6:19:Infinity":6,"f:23:9:23:21":1,"s:24:13:24:Infinity":7,"s:25:13:25:Infinity":8,"b:26:2:26:Infinity:undefined:undefined:undefined:undefined":1,"s:26:2:26:Infinity":9,"b:26:6:26:20:26:20:26:32":2,"s:26:32:26:Infinity":10,"b:27:2:27:Infinity:undefined:undefined:undefined:undefined":3,"s:27:2:27:Infinity":11,"s:27:18:27:Infinity":12,"b:28:2:28:Infinity:undefined:undefined:undefined:undefined":4,"s:28:2:28:Infinity":13,"s:28:18:28:Infinity":14,"b:29:2:30:Infinity:undefined:undefined:undefined:undefined":5,"s:29:2:30:Infinity":15,"b:29:6:29:32:29:32:29:56":6,"s:30:4:30:Infinity":16,"b:32:2:33:Infinity:undefined:undefined:undefined:undefined":7,"s:32:2:33:Infinity":17,"b:32:6:32:32:32:32:32:56":8,"s:33:4:33:Infinity":18,"s:35:2:35:Infinity":19,"s:39:2:39:Infinity":20,"f:41:16:41:29":2,"s:42:8:42:64":21,"f:42:15:42:35":3,"s:42:41:42:63":22,"b:42:41:42:61:42:61:42:63":9,"s:43:18:43:59":23,"s:44:18:44:51":24,"s:46:8:50:30":25,"f:46:17:46:31":4,"s:47:17:47:26":26,"s:48:4:48:Infinity":27,"f:48:9:48:15":5,"s:48:24:48:59":28,"s:49:4:49:Infinity":29,"f:52:11:52:18":6,"b:53:4:57:Infinity:55:11:57:Infinity":10,"s:53:4:57:Infinity":30,"s:54:6:54:Infinity":31,"f:54:6:54:18":7,"s:54:25:54:43":32,"b:54:35:54:40:54:40:54:43":11,"s:56:6:56:Infinity":33,"s:57:6:57:Infinity":34,"f:61:11:61:23":8,"s:62:19:62:Infinity":35,"s:63:4:66:Infinity":36,"f:64:29:64:44":9,"s:64:44:64:55":37,"b:66:19:66:50:66:50:66:Infinity":12,"b:66:35:66:42:66:42:66:50":13,"b:71:2:75:Infinity:undefined:undefined:undefined:undefined":14,"s:71:2:75:Infinity":38,"s:72:4:75:Infinity":39,"s:79:2:120:Infinity":40,"f:93:18:93:23":10,"s:94:12:116:Infinity":41,"b:114:37:114:57:114:60:114:Infinity":15}}}
,"/workspaces/arcogine/ui/src/components/dashboard/KpiCards.tsx": {"path":"/workspaces/arcogine/ui/src/components/dashboard/KpiCards.tsx","statementMap":{"0":{"start":{"line":6,"column":2},"end":{"line":6,"column":null}},"1":{"start":{"line":6,"column":26},"end":{"line":6,"column":42}},"2":{"start":{"line":10,"column":2},"end":{"line":10,"column":null}},"3":{"start":{"line":10,"column":31},"end":{"line":10,"column":null}},"4":{"start":{"line":11,"column":2},"end":{"line":14,"column":null}},"5":{"start":{"line":18,"column":15},"end":{"line":18,"column":85}},"6":{"start":{"line":18,"column":34},"end":{"line":18,"column":85}},"7":{"start":{"line":19,"column":2},"end":{"line":19,"column":null}},"8":{"start":{"line":19,"column":25},"end":{"line":19,"column":null}},"9":{"start":{"line":20,"column":12},"end":{"line":20,"column":null}},"10":{"start":{"line":21,"column":2},"end":{"line":22,"column":null}},"11":{"start":{"line":22,"column":4},"end":{"line":22,"column":null}},"12":{"start":{"line":24,"column":2},"end":{"line":24,"column":null}},"13":{"start":{"line":35,"column":2},"end":{"line":48,"column":null}},"14":{"start":{"line":55,"column":8},"end":{"line":55,"column":56}},"15":{"start":{"line":55,"column":45},"end":{"line":55,"column":56}},"16":{"start":{"line":57,"column":8},"end":{"line":94,"column":16}},"17":{"start":{"line":58,"column":4},"end":{"line":64,"column":null}},"18":{"start":{"line":59,"column":6},"end":{"line":64,"column":null}},"19":{"start":{"line":67,"column":20},"end":{"line":67,"column":55}},"20":{"start":{"line":68,"column":25},"end":{"line":68,"column":56}},"21":{"start":{"line":70,"column":6},"end":{"line":70,"column":87}},"22":{"start":{"line":72,"column":4},"end":{"line":93,"column":null}},"23":{"start":{"line":96,"column":2},"end":{"line":121,"column":null}}},"fnMap":{"0":{"name":"findKpi","decl":{"start":{"line":5,"column":9},"end":{"line":5,"column":17}},"loc":{"start":{"line":5,"column":71},"end":{"line":6,"column":null}},"line":5},"1":{"name":"(anonymous_1)","decl":{"start":{"line":6,"column":14},"end":{"line":6,"column":20}},"loc":{"start":{"line":6,"column":26},"end":{"line":6,"column":42}},"line":6},"2":{"name":"formatNumber","decl":{"start":{"line":9,"column":9},"end":{"line":9,"column":22}},"loc":{"start":{"line":9,"column":58},"end":{"line":14,"column":null}},"line":9},"3":{"name":"avgLeadTimeTicks","decl":{"start":{"line":17,"column":9},"end":{"line":17,"column":26}},"loc":{"start":{"line":17,"column":58},"end":{"line":24,"column":null}},"line":17},"4":{"name":"(anonymous_4)","decl":{"start":{"line":18,"column":20},"end":{"line":18,"column":28}},"loc":{"start":{"line":18,"column":34},"end":{"line":18,"column":85}},"line":18},"5":{"name":"Card","decl":{"start":{"line":34,"column":9},"end":{"line":34,"column":14}},"loc":{"start":{"line":34,"column":60},"end":{"line":48,"column":null}},"line":34},"6":{"name":"KpiCards","decl":{"start":{"line":54,"column":16},"end":{"line":54,"column":27}},"loc":{"start":{"line":54,"column":27},"end":{"line":121,"column":null}},"line":54},"7":{"name":"(anonymous_7)","decl":{"start":{"line":55,"column":19},"end":{"line":55,"column":39}},"loc":{"start":{"line":55,"column":45},"end":{"line":55,"column":56}},"line":55},"8":{"name":"(anonymous_8)","decl":{"start":{"line":57,"column":16},"end":{"line":57,"column":30}},"loc":{"start":{"line":57,"column":30},"end":{"line":94,"column":6}},"line":57}},"branchMap":{"0":{"loc":{"start":{"line":9,"column":37},"end":{"line":9,"column":58}},"type":"default-arg","locations":[{"start":{"line":9,"column":47},"end":{"line":9,"column":58}}],"line":9},"1":{"loc":{"start":{"line":10,"column":2},"end":{"line":10,"column":null}},"type":"if","locations":[{"start":{"line":10,"column":2},"end":{"line":10,"column":null}},{"start":{},"end":{}}],"line":10},"2":{"loc":{"start":{"line":18,"column":34},"end":{"line":18,"column":85}},"type":"binary-expr","locations":[{"start":{"line":18,"column":34},"end":{"line":18,"column":62}},{"start":{"line":18,"column":62},"end":{"line":18,"column":85}}],"line":18},"3":{"loc":{"start":{"line":19,"column":2},"end":{"line":19,"column":null}},"type":"if","locations":[{"start":{"line":19,"column":2},"end":{"line":19,"column":null}},{"start":{},"end":{}}],"line":19},"4":{"loc":{"start":{"line":44,"column":9},"end":{"line":48,"column":null}},"type":"cond-expr","locations":[{"start":{"line":45,"column":10},"end":{"line":48,"column":null}},{"start":{"line":48,"column":12},"end":{"line":48,"column":null}}],"line":44},"5":{"loc":{"start":{"line":58,"column":4},"end":{"line":64,"column":null}},"type":"if","locations":[{"start":{"line":58,"column":4},"end":{"line":64,"column":null}},{"start":{},"end":{}}],"line":58},"6":{"loc":{"start":{"line":70,"column":6},"end":{"line":70,"column":87}},"type":"binary-expr","locations":[{"start":{"line":70,"column":6},"end":{"line":70,"column":47}},{"start":{"line":70,"column":51},"end":{"line":70,"column":87}}],"line":70},"7":{"loc":{"start":{"line":85,"column":16},"end":{"line":89,"column":null}},"type":"cond-expr","locations":[{"start":{"line":86,"column":10},"end":{"line":86,"column":null}},{"start":{"line":87,"column":10},"end":{"line":89,"column":null}}],"line":85},"8":{"loc":{"start":{"line":87,"column":10},"end":{"line":89,"column":null}},"type":"cond-expr","locations":[{"start":{"line":88,"column":12},"end":{"line":88,"column":null}},{"start":{"line":89,"column":12},"end":{"line":89,"column":null}}],"line":87},"9":{"loc":{"start":{"line":90,"column":18},"end":{"line":92,"column":null}},"type":"cond-expr","locations":[{"start":{"line":91,"column":10},"end":{"line":91,"column":null}},{"start":{"line":92,"column":10},"end":{"line":92,"column":null}}],"line":90}},"s":{"0":10,"1":6,"2":9,"3":1,"4":8,"5":4,"6":4,"7":4,"8":1,"9":3,"10":3,"11":4,"12":3,"13":20,"14":5,"15":15,"16":5,"17":5,"18":1,"19":4,"20":4,"21":4,"22":5,"23":5},"f":{"0":10,"1":6,"2":9,"3":4,"4":4,"5":20,"6":5,"7":15,"8":5},"b":{"0":[9],"1":[1,8],"2":[4,4],"3":[1,3],"4":[9,11],"5":[1,4],"6":[4,2],"7":[0,4],"8":[3,1],"9":[2,2]},"meta":{"lastBranch":10,"lastFunction":9,"lastStatement":24,"seen":{"f:5:9:5:17":0,"s:6:2:6:Infinity":0,"f:6:14:6:20":1,"s:6:26:6:42":1,"f:9:9:9:22":2,"b:9:47:9:58":0,"b:10:2:10:Infinity:undefined:undefined:undefined:undefined":1,"s:10:2:10:Infinity":2,"s:10:31:10:Infinity":3,"s:11:2:14:Infinity":4,"f:17:9:17:26":3,"s:18:15:18:85":5,"f:18:20:18:28":4,"s:18:34:18:85":6,"b:18:34:18:62:18:62:18:85":2,"b:19:2:19:Infinity:undefined:undefined:undefined:undefined":3,"s:19:2:19:Infinity":7,"s:19:25:19:Infinity":8,"s:20:12:20:Infinity":9,"s:21:2:22:Infinity":10,"s:22:4:22:Infinity":11,"s:24:2:24:Infinity":12,"f:34:9:34:14":5,"s:35:2:48:Infinity":13,"b:45:10:48:Infinity:48:12:48:Infinity":4,"f:54:16:54:27":6,"s:55:8:55:56":14,"f:55:19:55:39":7,"s:55:45:55:56":15,"s:57:8:94:16":16,"f:57:16:57:30":8,"b:58:4:64:Infinity:undefined:undefined:undefined:undefined":5,"s:58:4:64:Infinity":17,"s:59:6:64:Infinity":18,"s:67:20:67:55":19,"s:68:25:68:56":20,"s:70:6:70:87":21,"b:70:6:70:47:70:51:70:87":6,"s:72:4:93:Infinity":22,"b:86:10:86:Infinity:87:10:89:Infinity":7,"b:88:12:88:Infinity:89:12:89:Infinity":8,"b:91:10:91:Infinity:92:10:92:Infinity":9,"s:96:2:121:Infinity":23}}}
,"/workspaces/arcogine/ui/src/components/experiment/BaselineCompare.tsx": {"path":"/workspaces/arcogine/ui/src/components/experiment/BaselineCompare.tsx","statementMap":{"0":{"start":{"line":6,"column":66},"end":{"line":11,"column":null}},"1":{"start":{"line":14,"column":2},"end":{"line":14,"column":null}},"2":{"start":{"line":14,"column":19},"end":{"line":14,"column":null}},"3":{"start":{"line":15,"column":2},"end":{"line":24,"column":null}},"4":{"start":{"line":18,"column":6},"end":{"line":18,"column":null}},"5":{"start":{"line":21,"column":6},"end":{"line":21,"column":null}},"6":{"start":{"line":23,"column":24},"end":{"line":23,"column":null}},"7":{"start":{"line":24,"column":6},"end":{"line":24,"column":null}},"8":{"start":{"line":30,"column":2},"end":{"line":35,"column":null}},"9":{"start":{"line":31,"column":4},"end":{"line":35,"column":null}},"10":{"start":{"line":37,"column":2},"end":{"line":37,"column":null}},"11":{"start":{"line":41,"column":2},"end":{"line":48,"column":null}},"12":{"start":{"line":53,"column":2},"end":{"line":60,"column":null}},"13":{"start":{"line":65,"column":8},"end":{"line":65,"column":56}},"14":{"start":{"line":65,"column":45},"end":{"line":65,"column":56}},"15":{"start":{"line":66,"column":8},"end":{"line":66,"column":57}},"16":{"start":{"line":66,"column":45},"end":{"line":66,"column":57}},"17":{"start":{"line":67,"column":8},"end":{"line":67,"column":63}},"18":{"start":{"line":67,"column":48},"end":{"line":67,"column":63}},"19":{"start":{"line":68,"column":8},"end":{"line":68,"column":67}},"20":{"start":{"line":68,"column":50},"end":{"line":68,"column":67}},"21":{"start":{"line":69,"column":8},"end":{"line":69,"column":57}},"22":{"start":{"line":69,"column":45},"end":{"line":69,"column":57}},"23":{"start":{"line":71,"column":8},"end":{"line":78,"column":30}},"24":{"start":{"line":72,"column":4},"end":{"line":72,"column":null}},"25":{"start":{"line":72,"column":36},"end":{"line":72,"column":null}},"26":{"start":{"line":73,"column":17},"end":{"line":73,"column":47}},"27":{"start":{"line":74,"column":4},"end":{"line":74,"column":null}},"28":{"start":{"line":74,"column":22},"end":{"line":74,"column":null}},"29":{"start":{"line":75,"column":20},"end":{"line":75,"column":31}},"30":{"start":{"line":76,"column":4},"end":{"line":76,"column":null}},"31":{"start":{"line":76,"column":18},"end":{"line":76,"column":null}},"32":{"start":{"line":77,"column":4},"end":{"line":77,"column":null}},"33":{"start":{"line":81,"column":4},"end":{"line":81,"column":null}},"34":{"start":{"line":83,"column":2},"end":{"line":176,"column":null}},"35":{"start":{"line":97,"column":27},"end":{"line":97,"column":null}},"36":{"start":{"line":98,"column":12},"end":{"line":173,"column":null}},"37":{"start":{"line":113,"column":35},"end":{"line":113,"column":55}},"38":{"start":{"line":134,"column":36},"end":{"line":134,"column":null}},"39":{"start":{"line":135,"column":26},"end":{"line":135,"column":null}},"40":{"start":{"line":135,"column":34},"end":{"line":135,"column":null}},"41":{"start":{"line":136,"column":42},"end":{"line":136,"column":69}},"42":{"start":{"line":137,"column":26},"end":{"line":166,"column":null}}},"fnMap":{"0":{"name":"isImprovement","decl":{"start":{"line":13,"column":9},"end":{"line":13,"column":23}},"loc":{"start":{"line":13,"column":78},"end":{"line":24,"column":null}},"line":13},"1":{"name":"formatMetric","decl":{"start":{"line":29,"column":9},"end":{"line":29,"column":22}},"loc":{"start":{"line":29,"column":69},"end":{"line":37,"column":null}},"line":29},"2":{"name":"ArrowUpGreen","decl":{"start":{"line":40,"column":9},"end":{"line":40,"column":24}},"loc":{"start":{"line":40,"column":24},"end":{"line":48,"column":null}},"line":40},"3":{"name":"ArrowDownRed","decl":{"start":{"line":52,"column":9},"end":{"line":52,"column":24}},"loc":{"start":{"line":52,"column":24},"end":{"line":60,"column":null}},"line":52},"4":{"name":"BaselineCompare","decl":{"start":{"line":64,"column":16},"end":{"line":64,"column":34}},"loc":{"start":{"line":64,"column":34},"end":{"line":176,"column":null}},"line":64},"5":{"name":"(anonymous_5)","decl":{"start":{"line":65,"column":19},"end":{"line":65,"column":39}},"loc":{"start":{"line":65,"column":45},"end":{"line":65,"column":56}},"line":65},"6":{"name":"(anonymous_6)","decl":{"start":{"line":66,"column":20},"end":{"line":66,"column":39}},"loc":{"start":{"line":66,"column":45},"end":{"line":66,"column":57}},"line":66},"7":{"name":"(anonymous_7)","decl":{"start":{"line":67,"column":23},"end":{"line":67,"column":42}},"loc":{"start":{"line":67,"column":48},"end":{"line":67,"column":63}},"line":67},"8":{"name":"(anonymous_8)","decl":{"start":{"line":68,"column":25},"end":{"line":68,"column":44}},"loc":{"start":{"line":68,"column":50},"end":{"line":68,"column":67}},"line":68},"9":{"name":"(anonymous_9)","decl":{"start":{"line":69,"column":20},"end":{"line":69,"column":39}},"loc":{"start":{"line":69,"column":45},"end":{"line":69,"column":57}},"line":69},"10":{"name":"(anonymous_10)","decl":{"start":{"line":71,"column":17},"end":{"line":71,"column":35}},"loc":{"start":{"line":71,"column":35},"end":{"line":78,"column":6}},"line":71},"11":{"name":"(anonymous_11)","decl":{"start":{"line":96,"column":21},"end":{"line":96,"column":26}},"loc":{"start":{"line":96,"column":32},"end":{"line":173,"column":null}},"line":96},"12":{"name":"(anonymous_12)","decl":{"start":{"line":113,"column":20},"end":{"line":113,"column":35}},"loc":{"start":{"line":113,"column":35},"end":{"line":113,"column":55}},"line":113},"13":{"name":"(anonymous_13)","decl":{"start":{"line":133,"column":38},"end":{"line":133,"column":43}},"loc":{"start":{"line":133,"column":62},"end":{"line":166,"column":null}},"line":133}},"branchMap":{"0":{"loc":{"start":{"line":14,"column":2},"end":{"line":14,"column":null}},"type":"if","locations":[{"start":{"line":14,"column":2},"end":{"line":14,"column":null}},{"start":{},"end":{}}],"line":14},"1":{"loc":{"start":{"line":15,"column":2},"end":{"line":24,"column":null}},"type":"switch","locations":[{"start":{"line":16,"column":4},"end":{"line":16,"column":null}},{"start":{"line":17,"column":4},"end":{"line":18,"column":null}},{"start":{"line":19,"column":4},"end":{"line":19,"column":null}},{"start":{"line":20,"column":4},"end":{"line":21,"column":null}},{"start":{"line":22,"column":4},"end":{"line":24,"column":null}}],"line":15},"2":{"loc":{"start":{"line":30,"column":2},"end":{"line":35,"column":null}},"type":"if","locations":[{"start":{"line":30,"column":2},"end":{"line":35,"column":null}},{"start":{},"end":{}}],"line":30},"3":{"loc":{"start":{"line":72,"column":4},"end":{"line":72,"column":null}},"type":"if","locations":[{"start":{"line":72,"column":4},"end":{"line":72,"column":null}},{"start":{},"end":{}}],"line":72},"4":{"loc":{"start":{"line":74,"column":4},"end":{"line":74,"column":null}},"type":"if","locations":[{"start":{"line":74,"column":4},"end":{"line":74,"column":null}},{"start":{},"end":{}}],"line":74},"5":{"loc":{"start":{"line":76,"column":4},"end":{"line":76,"column":null}},"type":"if","locations":[{"start":{"line":76,"column":4},"end":{"line":76,"column":null}},{"start":{},"end":{}}],"line":76},"6":{"loc":{"start":{"line":92,"column":7},"end":{"line":176,"column":null}},"type":"cond-expr","locations":[{"start":{"line":93,"column":8},"end":{"line":95,"column":9}},{"start":{"line":95,"column":8},"end":{"line":176,"column":null}}],"line":92},"7":{"loc":{"start":{"line":97,"column":27},"end":{"line":97,"column":null}},"type":"cond-expr","locations":[{"start":{"line":97,"column":38},"end":{"line":97,"column":63}},{"start":{"line":97,"column":66},"end":{"line":97,"column":null}}],"line":97},"8":{"loc":{"start":{"line":119,"column":17},"end":{"line":171,"column":null}},"type":"cond-expr","locations":[{"start":{"line":120,"column":18},"end":{"line":122,"column":19}},{"start":{"line":122,"column":18},"end":{"line":171,"column":null}}],"line":119},"9":{"loc":{"start":{"line":135,"column":26},"end":{"line":135,"column":null}},"type":"if","locations":[{"start":{"line":135,"column":26},"end":{"line":135,"column":null}},{"start":{},"end":{}}],"line":135},"10":{"loc":{"start":{"line":144,"column":35},"end":{"line":144,"column":null}},"type":"cond-expr","locations":[{"start":{"line":144,"column":54},"end":{"line":144,"column":null}},{"start":{"line":144,"column":73},"end":{"line":144,"column":null}}],"line":144},"11":{"loc":{"start":{"line":145,"column":35},"end":{"line":145,"column":null}},"type":"cond-expr","locations":[{"start":{"line":145,"column":55},"end":{"line":145,"column":null}},{"start":{"line":145,"column":74},"end":{"line":145,"column":null}}],"line":145},"12":{"loc":{"start":{"line":148,"column":38},"end":{"line":152,"column":null}},"type":"cond-expr","locations":[{"start":{"line":149,"column":42},"end":{"line":149,"column":null}},{"start":{"line":150,"column":42},"end":{"line":152,"column":null}}],"line":148},"13":{"loc":{"start":{"line":150,"column":42},"end":{"line":152,"column":null}},"type":"cond-expr","locations":[{"start":{"line":151,"column":44},"end":{"line":151,"column":null}},{"start":{"line":152,"column":44},"end":{"line":152,"column":null}}],"line":150},"14":{"loc":{"start":{"line":155,"column":37},"end":{"line":155,"column":null}},"type":"cond-expr","locations":[{"start":{"line":155,"column":51},"end":{"line":155,"column":57}},{"start":{"line":155,"column":57},"end":{"line":155,"column":null}}],"line":155},"15":{"loc":{"start":{"line":158,"column":35},"end":{"line":163,"column":null}},"type":"cond-expr","locations":[{"start":{"line":159,"column":36},"end":{"line":163,"column":null}},{"start":{"line":163,"column":38},"end":{"line":163,"column":null}}],"line":158},"16":{"loc":{"start":{"line":160,"column":40},"end":{"line":160,"column":null}},"type":"cond-expr","locations":[{"start":{"line":160,"column":52},"end":{"line":160,"column":58}},{"start":{"line":160,"column":58},"end":{"line":160,"column":null}}],"line":160}},"s":{"0":1,"1":12,"2":10,"3":2,"4":2,"5":0,"6":0,"7":0,"8":36,"9":9,"10":27,"11":2,"12":0,"13":4,"14":12,"15":4,"16":12,"17":4,"18":12,"19":4,"20":12,"21":4,"22":12,"23":4,"24":0,"25":0,"26":0,"27":0,"28":0,"29":0,"30":0,"31":0,"32":0,"33":4,"34":4,"35":3,"36":3,"37":0,"38":12,"39":12,"40":0,"41":12,"42":12},"f":{"0":12,"1":36,"2":2,"3":0,"4":4,"5":12,"6":12,"7":12,"8":12,"9":12,"10":0,"11":3,"12":0,"13":12},"b":{"0":[10,2],"1":[2,2,0,0,0],"2":[9,27],"3":[0,0],"4":[0,0],"5":[0,0],"6":[1,3],"7":[3,0],"8":[0,3],"9":[0,12],"10":[2,10],"11":[0,12],"12":[2,10],"13":[0,10],"14":[2,10],"15":[9,3],"16":[2,7]},"meta":{"lastBranch":17,"lastFunction":14,"lastStatement":43,"seen":{"s:6:66:11:Infinity":0,"f:13:9:13:23":0,"b:14:2:14:Infinity:undefined:undefined:undefined:undefined":0,"s:14:2:14:Infinity":1,"s:14:19:14:Infinity":2,"b:16:4:16:Infinity:17:4:18:Infinity:19:4:19:Infinity:20:4:21:Infinity:22:4:24:Infinity":1,"s:15:2:24:Infinity":3,"s:18:6:18:Infinity":4,"s:21:6:21:Infinity":5,"s:23:24:23:Infinity":6,"s:24:6:24:Infinity":7,"f:29:9:29:22":1,"b:30:2:35:Infinity:undefined:undefined:undefined:undefined":2,"s:30:2:35:Infinity":8,"s:31:4:35:Infinity":9,"s:37:2:37:Infinity":10,"f:40:9:40:24":2,"s:41:2:48:Infinity":11,"f:52:9:52:24":3,"s:53:2:60:Infinity":12,"f:64:16:64:34":4,"s:65:8:65:56":13,"f:65:19:65:39":5,"s:65:45:65:56":14,"s:66:8:66:57":15,"f:66:20:66:39":6,"s:66:45:66:57":16,"s:67:8:67:63":17,"f:67:23:67:42":7,"s:67:48:67:63":18,"s:68:8:68:67":19,"f:68:25:68:44":8,"s:68:50:68:67":20,"s:69:8:69:57":21,"f:69:20:69:39":9,"s:69:45:69:57":22,"s:71:8:78:30":23,"f:71:17:71:35":10,"b:72:4:72:Infinity:undefined:undefined:undefined:undefined":3,"s:72:4:72:Infinity":24,"s:72:36:72:Infinity":25,"s:73:17:73:47":26,"b:74:4:74:Infinity:undefined:undefined:undefined:undefined":4,"s:74:4:74:Infinity":27,"s:74:22:74:Infinity":28,"s:75:20:75:31":29,"b:76:4:76:Infinity:undefined:undefined:undefined:undefined":5,"s:76:4:76:Infinity":30,"s:76:18:76:Infinity":31,"s:77:4:77:Infinity":32,"s:81:4:81:Infinity":33,"s:83:2:176:Infinity":34,"b:93:8:95:9:95:8:176:Infinity":6,"f:96:21:96:26":11,"s:97:27:97:Infinity":35,"b:97:38:97:63:97:66:97:Infinity":7,"s:98:12:173:Infinity":36,"f:113:20:113:35":12,"s:113:35:113:55":37,"b:120:18:122:19:122:18:171:Infinity":8,"f:133:38:133:43":13,"s:134:36:134:Infinity":38,"b:135:26:135:Infinity:undefined:undefined:undefined:undefined":9,"s:135:26:135:Infinity":39,"s:135:34:135:Infinity":40,"s:136:42:136:69":41,"s:137:26:166:Infinity":42,"b:144:54:144:Infinity:144:73:144:Infinity":10,"b:145:55:145:Infinity:145:74:145:Infinity":11,"b:149:42:149:Infinity:150:42:152:Infinity":12,"b:151:44:151:Infinity:152:44:152:Infinity":13,"b:155:51:155:57:155:57:155:Infinity":14,"b:159:36:163:Infinity:163:38:163:Infinity":15,"b:160:52:160:58:160:58:160:Infinity":16}}}
,"/workspaces/arcogine/ui/src/components/shared/ErrorBoundary.tsx": {"path":"/workspaces/arcogine/ui/src/components/shared/ErrorBoundary.tsx","statementMap":{"0":{"start":{"line":12,"column":30},"end":{"line":12,"column":45}},"1":{"start":{"line":22,"column":2},"end":{"line":23,"column":null}},"2":{"start":{"line":15,"column":4},"end":{"line":15,"column":null}},"3":{"start":{"line":19,"column":4},"end":{"line":19,"column":null}},"4":{"start":{"line":23,"column":4},"end":{"line":23,"column":null}},"5":{"start":{"line":27,"column":4},"end":{"line":37,"column":null}},"6":{"start":{"line":28,"column":6},"end":{"line":37,"column":null}},"7":{"start":{"line":41,"column":4},"end":{"line":41,"column":null}}},"fnMap":{"0":{"name":"(anonymous_0)","decl":{"start":{"line":14,"column":9},"end":{"line":14,"column":34}},"loc":{"start":{"line":14,"column":68},"end":{"line":15,"column":null}},"line":14},"1":{"name":"(anonymous_1)","decl":{"start":{"line":18,"column":2},"end":{"line":18,"column":20}},"loc":{"start":{"line":18,"column":57},"end":{"line":19,"column":null}},"line":18},"2":{"name":"(anonymous_2)","decl":{"start":{"line":22,"column":2},"end":{"line":22,"column":28}},"loc":{"start":{"line":22,"column":28},"end":{"line":23,"column":null}},"line":22},"3":{"name":"(anonymous_3)","decl":{"start":{"line":26,"column":2},"end":{"line":26,"column":22}},"loc":{"start":{"line":26,"column":22},"end":{"line":41,"column":null}},"line":26}},"branchMap":{"0":{"loc":{"start":{"line":27,"column":4},"end":{"line":37,"column":null}},"type":"if","locations":[{"start":{"line":27,"column":4},"end":{"line":37,"column":null}},{"start":{},"end":{}}],"line":27}},"s":{"0":5,"1":1,"2":4,"3":2,"4":1,"5":11,"6":5,"7":6},"f":{"0":5,"1":2,"2":1,"3":11},"b":{"0":[5,6]},"meta":{"lastBranch":1,"lastFunction":4,"lastStatement":8,"seen":{"s:12:30:12:45":0,"s:22:2:23:Infinity":1,"f:14:9:14:34":0,"s:15:4:15:Infinity":2,"f:18:2:18:20":1,"s:19:4:19:Infinity":3,"f:22:2:22:28":2,"s:23:4:23:Infinity":4,"f:26:2:26:22":3,"b:27:4:37:Infinity:undefined:undefined:undefined:undefined":0,"s:27:4:37:Infinity":5,"s:28:6:37:Infinity":6,"s:41:4:41:Infinity":7}}}
,"/workspaces/arcogine/ui/src/components/shared/Toast.tsx": {"path":"/workspaces/arcogine/ui/src/components/shared/Toast.tsx","statementMap":{"0":{"start":{"line":11,"column":46},"end":{"line":15,"column":null}},"1":{"start":{"line":18,"column":2},"end":{"line":21,"column":null}},"2":{"start":{"line":19,"column":15},"end":{"line":19,"column":49}},"3":{"start":{"line":20,"column":4},"end":{"line":20,"column":null}},"4":{"start":{"line":20,"column":17},"end":{"line":20,"column":40}},"5":{"start":{"line":23,"column":2},"end":{"line":41,"column":null}}},"fnMap":{"0":{"name":"Toast","decl":{"start":{"line":17,"column":16},"end":{"line":17,"column":22}},"loc":{"start":{"line":17,"column":64},"end":{"line":41,"column":null}},"line":17},"1":{"name":"(anonymous_1)","decl":{"start":{"line":18,"column":2},"end":{"line":18,"column":18}},"loc":{"start":{"line":18,"column":18},"end":{"line":21,"column":6}},"line":18},"2":{"name":"(anonymous_2)","decl":{"start":{"line":20,"column":4},"end":{"line":20,"column":17}},"loc":{"start":{"line":20,"column":17},"end":{"line":20,"column":40}},"line":20}},"branchMap":{},"s":{"0":1,"1":3,"2":3,"3":3,"4":3,"5":3},"f":{"0":3,"1":3,"2":3},"b":{},"meta":{"lastBranch":0,"lastFunction":3,"lastStatement":6,"seen":{"s:11:46:15:Infinity":0,"f:17:16:17:22":0,"s:18:2:21:Infinity":1,"f:18:2:18:18":1,"s:19:15:19:49":2,"s:20:4:20:Infinity":3,"f:20:4:20:17":2,"s:20:17:20:40":4,"s:23:2:41:Infinity":5}}}
,"/workspaces/arcogine/ui/src/stores/baselines.ts": {"path":"/workspaces/arcogine/ui/src/stores/baselines.ts","statementMap":{"0":{"start":{"line":11,"column":20},"end":{"line":11,"column":null}},"1":{"start":{"line":22,"column":2},"end":{"line":37,"column":null}},"2":{"start":{"line":24,"column":6},"end":{"line":24,"column":null}},"3":{"start":{"line":26,"column":6},"end":{"line":26,"column":null}},"4":{"start":{"line":28,"column":6},"end":{"line":28,"column":null}},"5":{"start":{"line":28,"column":39},"end":{"line":28,"column":62}},"6":{"start":{"line":30,"column":6},"end":{"line":33,"column":null}},"7":{"start":{"line":36,"column":33},"end":{"line":36,"column":null}},"8":{"start":{"line":37,"column":6},"end":{"line":37,"column":null}},"9":{"start":{"line":53,"column":13},"end":{"line":84,"column":3}},"10":{"start":{"line":53,"column":71},"end":{"line":84,"column":3}},"11":{"start":{"line":57,"column":4},"end":{"line":62,"column":7}},"12":{"start":{"line":57,"column":16},"end":{"line":61,"column":null}},"13":{"start":{"line":65,"column":4},"end":{"line":67,"column":7}},"14":{"start":{"line":65,"column":16},"end":{"line":66,"column":null}},"15":{"start":{"line":66,"column":43},"end":{"line":66,"column":55}},"16":{"start":{"line":69,"column":24},"end":{"line":69,"column":46}},"17":{"start":{"line":72,"column":21},"end":{"line":72,"column":69}},"18":{"start":{"line":72,"column":49},"end":{"line":72,"column":69}},"19":{"start":{"line":73,"column":4},"end":{"line":73,"column":null}},"20":{"start":{"line":73,"column":19},"end":{"line":73,"column":null}},"21":{"start":{"line":74,"column":45},"end":{"line":74,"column":47}},"22":{"start":{"line":75,"column":4},"end":{"line":80,"column":null}},"23":{"start":{"line":76,"column":18},"end":{"line":76,"column":42}},"24":{"start":{"line":77,"column":19},"end":{"line":77,"column":53}},"25":{"start":{"line":78,"column":20},"end":{"line":78,"column":null}},"26":{"start":{"line":79,"column":18},"end":{"line":79,"column":null}},"27":{"start":{"line":80,"column":6},"end":{"line":80,"column":null}},"28":{"start":{"line":82,"column":4},"end":{"line":82,"column":null}}},"fnMap":{"0":{"name":"readMetric","decl":{"start":{"line":21,"column":9},"end":{"line":21,"column":20}},"loc":{"start":{"line":21,"column":75},"end":{"line":37,"column":null}},"line":21},"1":{"name":"(anonymous_1)","decl":{"start":{"line":28,"column":27},"end":{"line":28,"column":33}},"loc":{"start":{"line":28,"column":39},"end":{"line":28,"column":62}},"line":28},"2":{"name":"(anonymous_2)","decl":{"start":{"line":53,"column":33},"end":{"line":53,"column":57}},"loc":{"start":{"line":53,"column":71},"end":{"line":84,"column":3}},"line":53},"3":{"name":"(anonymous_3)","decl":{"start":{"line":56,"column":2},"end":{"line":56,"column":17}},"loc":{"start":{"line":57,"column":4},"end":{"line":62,"column":7}},"line":57},"4":{"name":"(anonymous_4)","decl":{"start":{"line":57,"column":4},"end":{"line":57,"column":9}},"loc":{"start":{"line":57,"column":16},"end":{"line":61,"column":null}},"line":57},"5":{"name":"(anonymous_5)","decl":{"start":{"line":64,"column":2},"end":{"line":64,"column":19}},"loc":{"start":{"line":65,"column":4},"end":{"line":67,"column":7}},"line":65},"6":{"name":"(anonymous_6)","decl":{"start":{"line":65,"column":4},"end":{"line":65,"column":9}},"loc":{"start":{"line":65,"column":16},"end":{"line":66,"column":null}},"line":65},"7":{"name":"(anonymous_7)","decl":{"start":{"line":66,"column":29},"end":{"line":66,"column":37}},"loc":{"start":{"line":66,"column":43},"end":{"line":66,"column":55}},"line":66},"8":{"name":"(anonymous_8)","decl":{"start":{"line":69,"column":2},"end":{"line":69,"column":24}},"loc":{"start":{"line":69,"column":24},"end":{"line":69,"column":46}},"line":69},"9":{"name":"(anonymous_9)","decl":{"start":{"line":71,"column":2},"end":{"line":71,"column":14}},"loc":{"start":{"line":71,"column":38},"end":{"line":82,"column":null}},"line":71},"10":{"name":"(anonymous_10)","decl":{"start":{"line":72,"column":37},"end":{"line":72,"column":43}},"loc":{"start":{"line":72,"column":49},"end":{"line":72,"column":69}},"line":72}},"branchMap":{"0":{"loc":{"start":{"line":22,"column":2},"end":{"line":37,"column":null}},"type":"switch","locations":[{"start":{"line":23,"column":4},"end":{"line":24,"column":null}},{"start":{"line":25,"column":4},"end":{"line":26,"column":null}},{"start":{"line":27,"column":4},"end":{"line":28,"column":null}},{"start":{"line":29,"column":4},"end":{"line":33,"column":null}},{"start":{"line":35,"column":4},"end":{"line":37,"column":null}}],"line":22},"1":{"loc":{"start":{"line":28,"column":13},"end":{"line":28,"column":null}},"type":"binary-expr","locations":[{"start":{"line":28,"column":13},"end":{"line":28,"column":73}},{"start":{"line":28,"column":73},"end":{"line":28,"column":null}}],"line":28},"2":{"loc":{"start":{"line":31,"column":8},"end":{"line":33,"column":null}},"type":"binary-expr","locations":[{"start":{"line":31,"column":8},"end":{"line":31,"column":null}},{"start":{"line":32,"column":8},"end":{"line":32,"column":null}},{"start":{"line":33,"column":8},"end":{"line":33,"column":null}}],"line":31},"3":{"loc":{"start":{"line":73,"column":4},"end":{"line":73,"column":null}},"type":"if","locations":[{"start":{"line":73,"column":4},"end":{"line":73,"column":null}},{"start":{},"end":{}}],"line":73},"4":{"loc":{"start":{"line":79,"column":18},"end":{"line":79,"column":null}},"type":"cond-expr","locations":[{"start":{"line":79,"column":32},"end":{"line":79,"column":54}},{"start":{"line":79,"column":54},"end":{"line":79,"column":null}}],"line":79}},"s":{"0":2,"1":56,"2":14,"3":14,"4":14,"5":18,"6":14,"7":0,"8":0,"9":2,"10":2,"11":15,"12":15,"13":1,"14":1,"15":2,"16":1,"17":8,"18":7,"19":8,"20":1,"21":7,"22":7,"23":28,"24":28,"25":28,"26":28,"27":28,"28":7},"f":{"0":56,"1":18,"2":2,"3":15,"4":15,"5":1,"6":1,"7":2,"8":1,"9":8,"10":7},"b":{"0":[14,14,14,14,0],"1":[14,6],"2":[14,6,0],"3":[1,7],"4":[24,4]},"meta":{"lastBranch":5,"lastFunction":11,"lastStatement":29,"seen":{"s:11:20:11:Infinity":0,"f:21:9:21:20":0,"b:23:4:24:Infinity:25:4:26:Infinity:27:4:28:Infinity:29:4:33:Infinity:35:4:37:Infinity":0,"s:22:2:37:Infinity":1,"s:24:6:24:Infinity":2,"s:26:6:26:Infinity":3,"s:28:6:28:Infinity":4,"b:28:13:28:73:28:73:28:Infinity":1,"f:28:27:28:33":1,"s:28:39:28:62":5,"s:30:6:33:Infinity":6,"b:31:8:31:Infinity:32:8:32:Infinity:33:8:33:Infinity":2,"s:36:33:36:Infinity":7,"s:37:6:37:Infinity":8,"s:53:13:84:3":9,"f:53:33:53:57":2,"s:53:71:84:3":10,"f:56:2:56:17":3,"s:57:4:62:7":11,"f:57:4:57:9":4,"s:57:16:61:Infinity":12,"f:64:2:64:19":5,"s:65:4:67:7":13,"f:65:4:65:9":6,"s:65:16:66:Infinity":14,"f:66:29:66:37":7,"s:66:43:66:55":15,"f:69:2:69:24":8,"s:69:24:69:46":16,"f:71:2:71:14":9,"s:72:21:72:69":17,"f:72:37:72:43":10,"s:72:49:72:69":18,"b:73:4:73:Infinity:undefined:undefined:undefined:undefined":3,"s:73:4:73:Infinity":19,"s:73:19:73:Infinity":20,"s:74:45:74:47":21,"s:75:4:80:Infinity":22,"s:76:18:76:42":23,"s:77:19:77:53":24,"s:78:20:78:Infinity":25,"s:79:18:79:Infinity":26,"b:79:32:79:54:79:54:79:Infinity":4,"s:80:6:80:Infinity":27,"s:82:4:82:Infinity":28}}}
,"/workspaces/arcogine/ui/src/stores/simulation.ts": {"path":"/workspaces/arcogine/ui/src/stores/simulation.ts","statementMap":{"0":{"start":{"line":30,"column":38},"end":{"line":30,"column":null}},"1":{"start":{"line":33,"column":41},"end":{"line":33,"column":43}},"2":{"start":{"line":34,"column":2},"end":{"line":35,"column":null}},"3":{"start":{"line":35,"column":4},"end":{"line":35,"column":null}},"4":{"start":{"line":37,"column":2},"end":{"line":37,"column":null}},"5":{"start":{"line":62,"column":13},"end":{"line":178,"column":null}},"6":{"start":{"line":63,"column":8},"end":{"line":85,"column":null}},"7":{"start":{"line":64,"column":4},"end":{"line":85,"column":null}},"8":{"start":{"line":65,"column":16},"end":{"line":65,"column":null}},"9":{"start":{"line":66,"column":21},"end":{"line":66,"column":51}},"10":{"start":{"line":67,"column":23},"end":{"line":67,"column":null}},"11":{"start":{"line":68,"column":22},"end":{"line":68,"column":61}},"12":{"start":{"line":68,"column":48},"end":{"line":68,"column":61}},"13":{"start":{"line":70,"column":6},"end":{"line":78,"column":null}},"14":{"start":{"line":71,"column":8},"end":{"line":71,"column":null}},"15":{"start":{"line":72,"column":8},"end":{"line":72,"column":null}},"16":{"start":{"line":74,"column":25},"end":{"line":74,"column":62}},"17":{"start":{"line":74,"column":51},"end":{"line":74,"column":62}},"18":{"start":{"line":75,"column":8},"end":{"line":78,"column":null}},"19":{"start":{"line":76,"column":10},"end":{"line":76,"column":null}},"20":{"start":{"line":78,"column":10},"end":{"line":78,"column":null}},"21":{"start":{"line":81,"column":6},"end":{"line":82,"column":null}},"22":{"start":{"line":82,"column":8},"end":{"line":82,"column":null}},"23":{"start":{"line":84,"column":6},"end":{"line":84,"column":null}},"24":{"start":{"line":87,"column":22},"end":{"line":97,"column":null}},"25":{"start":{"line":88,"column":4},"end":{"line":88,"column":null}},"26":{"start":{"line":89,"column":4},"end":{"line":97,"column":null}},"27":{"start":{"line":90,"column":23},"end":{"line":90,"column":33}},"28":{"start":{"line":91,"column":6},"end":{"line":91,"column":null}},"29":{"start":{"line":92,"column":6},"end":{"line":92,"column":null}},"30":{"start":{"line":94,"column":6},"end":{"line":97,"column":null}},"31":{"start":{"line":101,"column":2},"end":{"line":177,"column":null}},"32":{"start":{"line":111,"column":6},"end":{"line":111,"column":null}},"33":{"start":{"line":112,"column":6},"end":{"line":121,"column":null}},"34":{"start":{"line":113,"column":8},"end":{"line":113,"column":null}},"35":{"start":{"line":114,"column":25},"end":{"line":114,"column":44}},"36":{"start":{"line":115,"column":8},"end":{"line":115,"column":null}},"37":{"start":{"line":116,"column":8},"end":{"line":116,"column":null}},"38":{"start":{"line":118,"column":8},"end":{"line":121,"column":null}},"39":{"start":{"line":125,"column":18},"end":{"line":125,"column":41}},"40":{"start":{"line":126,"column":20},"end":{"line":126,"column":45}},"41":{"start":{"line":127,"column":19},"end":{"line":127,"column":43}},"42":{"start":{"line":129,"column":6},"end":{"line":129,"column":null}},"43":{"start":{"line":130,"column":6},"end":{"line":143,"column":null}},"44":{"start":{"line":131,"column":25},"end":{"line":131,"column":45}},"45":{"start":{"line":132,"column":8},"end":{"line":138,"column":null}},"46":{"start":{"line":140,"column":8},"end":{"line":143,"column":null}},"47":{"start":{"line":146,"column":28},"end":{"line":146,"column":63}},"48":{"start":{"line":146,"column":28},"end":{"line":146,"column":62}},"49":{"start":{"line":147,"column":43},"end":{"line":147,"column":94}},"50":{"start":{"line":147,"column":43},"end":{"line":147,"column":93}},"51":{"start":{"line":148,"column":30},"end":{"line":148,"column":67}},"52":{"start":{"line":148,"column":30},"end":{"line":148,"column":66}},"53":{"start":{"line":151,"column":6},"end":{"line":156,"column":null}},"54":{"start":{"line":152,"column":25},"end":{"line":152,"column":44}},"55":{"start":{"line":153,"column":8},"end":{"line":153,"column":null}},"56":{"start":{"line":154,"column":8},"end":{"line":154,"column":null}},"57":{"start":{"line":156,"column":8},"end":{"line":156,"column":null}},"58":{"start":{"line":161,"column":6},"end":{"line":161,"column":null}},"59":{"start":{"line":162,"column":21},"end":{"line":165,"column":null}},"60":{"start":{"line":163,"column":8},"end":{"line":163,"column":null}},"61":{"start":{"line":163,"column":20},"end":{"line":163,"column":52}},"62":{"start":{"line":164,"column":8},"end":{"line":164,"column":null}},"63":{"start":{"line":166,"column":6},"end":{"line":166,"column":null}},"64":{"start":{"line":167,"column":6},"end":{"line":167,"column":null}},"65":{"start":{"line":171,"column":28},"end":{"line":171,"column":33}},"66":{"start":{"line":172,"column":6},"end":{"line":172,"column":null}},"67":{"start":{"line":173,"column":6},"end":{"line":173,"column":null}},"68":{"start":{"line":176,"column":22},"end":{"line":176,"column":null}}},"fnMap":{"0":{"name":"kpiValuesRecord","decl":{"start":{"line":32,"column":9},"end":{"line":32,"column":25}},"loc":{"start":{"line":32,"column":67},"end":{"line":37,"column":null}},"line":32},"1":{"name":"(anonymous_1)","decl":{"start":{"line":62,"column":34},"end":{"line":62,"column":59}},"loc":{"start":{"line":62,"column":72},"end":{"line":178,"column":null}},"line":62},"2":{"name":"(anonymous_2)","decl":{"start":{"line":63,"column":8},"end":{"line":63,"column":25}},"loc":{"start":{"line":64,"column":4},"end":{"line":85,"column":null}},"line":64},"3":{"name":"(anonymous_3)","decl":{"start":{"line":64,"column":4},"end":{"line":64,"column":9}},"loc":{"start":{"line":64,"column":15},"end":{"line":85,"column":null}},"line":64},"4":{"name":"(anonymous_4)","decl":{"start":{"line":68,"column":31},"end":{"line":68,"column":42}},"loc":{"start":{"line":68,"column":48},"end":{"line":68,"column":61}},"line":68},"5":{"name":"(anonymous_5)","decl":{"start":{"line":74,"column":34},"end":{"line":74,"column":45}},"loc":{"start":{"line":74,"column":51},"end":{"line":74,"column":62}},"line":74},"6":{"name":"(anonymous_6)","decl":{"start":{"line":87,"column":22},"end":{"line":87,"column":29}},"loc":{"start":{"line":87,"column":64},"end":{"line":97,"column":null}},"line":87},"7":{"name":"(anonymous_7)","decl":{"start":{"line":110,"column":18},"end":{"line":110,"column":25}},"loc":{"start":{"line":110,"column":34},"end":{"line":121,"column":null}},"line":110},"8":{"name":"(anonymous_8)","decl":{"start":{"line":125,"column":4},"end":{"line":125,"column":18}},"loc":{"start":{"line":125,"column":18},"end":{"line":125,"column":41}},"line":125},"9":{"name":"(anonymous_9)","decl":{"start":{"line":126,"column":4},"end":{"line":126,"column":20}},"loc":{"start":{"line":126,"column":20},"end":{"line":126,"column":45}},"line":126},"10":{"name":"(anonymous_10)","decl":{"start":{"line":127,"column":4},"end":{"line":127,"column":19}},"loc":{"start":{"line":127,"column":19},"end":{"line":127,"column":43}},"line":127},"11":{"name":"(anonymous_11)","decl":{"start":{"line":128,"column":14},"end":{"line":128,"column":26}},"loc":{"start":{"line":128,"column":26},"end":{"line":143,"column":null}},"line":128},"12":{"name":"(anonymous_12)","decl":{"start":{"line":146,"column":4},"end":{"line":146,"column":18}},"loc":{"start":{"line":146,"column":28},"end":{"line":146,"column":63}},"line":146},"13":{"name":"(anonymous_13)","decl":{"start":{"line":146,"column":28},"end":{"line":146,"column":46}},"loc":{"start":{"line":146,"column":28},"end":{"line":146,"column":62}},"line":146},"14":{"name":"(anonymous_14)","decl":{"start":{"line":147,"column":4},"end":{"line":147,"column":20}},"loc":{"start":{"line":147,"column":43},"end":{"line":147,"column":94}},"line":147},"15":{"name":"(anonymous_15)","decl":{"start":{"line":147,"column":43},"end":{"line":147,"column":61}},"loc":{"start":{"line":147,"column":43},"end":{"line":147,"column":93}},"line":147},"16":{"name":"(anonymous_16)","decl":{"start":{"line":148,"column":4},"end":{"line":148,"column":18}},"loc":{"start":{"line":148,"column":30},"end":{"line":148,"column":67}},"line":148},"17":{"name":"(anonymous_17)","decl":{"start":{"line":148,"column":30},"end":{"line":148,"column":48}},"loc":{"start":{"line":148,"column":30},"end":{"line":148,"column":66}},"line":148},"18":{"name":"(anonymous_18)","decl":{"start":{"line":150,"column":19},"end":{"line":150,"column":31}},"loc":{"start":{"line":150,"column":31},"end":{"line":156,"column":null}},"line":150},"19":{"name":"(anonymous_19)","decl":{"start":{"line":160,"column":4},"end":{"line":160,"column":22}},"loc":{"start":{"line":160,"column":22},"end":{"line":167,"column":null}},"line":160},"20":{"name":"(anonymous_20)","decl":{"start":{"line":162,"column":25},"end":{"line":162,"column":36}},"loc":{"start":{"line":162,"column":56},"end":{"line":165,"column":null}},"line":162},"21":{"name":"(anonymous_21)","decl":{"start":{"line":163,"column":8},"end":{"line":163,"column":13}},"loc":{"start":{"line":163,"column":20},"end":{"line":163,"column":52}},"line":163},"22":{"name":"(anonymous_22)","decl":{"start":{"line":170,"column":4},"end":{"line":170,"column":25}},"loc":{"start":{"line":170,"column":25},"end":{"line":173,"column":null}},"line":170},"23":{"name":"(anonymous_23)","decl":{"start":{"line":176,"column":4},"end":{"line":176,"column":22}},"loc":{"start":{"line":176,"column":22},"end":{"line":176,"column":null}},"line":176}},"branchMap":{"0":{"loc":{"start":{"line":70,"column":6},"end":{"line":78,"column":null}},"type":"if","locations":[{"start":{"line":70,"column":6},"end":{"line":78,"column":null}},{"start":{"line":73,"column":13},"end":{"line":78,"column":null}}],"line":70},"1":{"loc":{"start":{"line":75,"column":8},"end":{"line":78,"column":null}},"type":"if","locations":[{"start":{"line":75,"column":8},"end":{"line":78,"column":null}},{"start":{"line":77,"column":15},"end":{"line":78,"column":null}}],"line":75},"2":{"loc":{"start":{"line":81,"column":6},"end":{"line":82,"column":null}},"type":"if","locations":[{"start":{"line":81,"column":6},"end":{"line":82,"column":null}},{"start":{},"end":{}}],"line":81},"3":{"loc":{"start":{"line":96,"column":15},"end":{"line":96,"column":null}},"type":"cond-expr","locations":[{"start":{"line":96,"column":36},"end":{"line":96,"column":48}},{"start":{"line":96,"column":48},"end":{"line":96,"column":null}}],"line":96},"4":{"loc":{"start":{"line":120,"column":17},"end":{"line":120,"column":null}},"type":"cond-expr","locations":[{"start":{"line":120,"column":38},"end":{"line":120,"column":50}},{"start":{"line":120,"column":50},"end":{"line":120,"column":null}}],"line":120},"5":{"loc":{"start":{"line":142,"column":17},"end":{"line":142,"column":null}},"type":"cond-expr","locations":[{"start":{"line":142,"column":38},"end":{"line":142,"column":50}},{"start":{"line":142,"column":50},"end":{"line":142,"column":null}}],"line":142},"6":{"loc":{"start":{"line":156,"column":21},"end":{"line":156,"column":63}},"type":"cond-expr","locations":[{"start":{"line":156,"column":42},"end":{"line":156,"column":54}},{"start":{"line":156,"column":54},"end":{"line":156,"column":63}}],"line":156}},"s":{"0":4,"1":4,"2":4,"3":4,"4":4,"5":4,"6":4,"7":4,"8":4,"9":4,"10":4,"11":4,"12":0,"13":4,"14":0,"15":0,"16":4,"17":0,"18":4,"19":4,"20":0,"21":4,"22":0,"23":4,"24":4,"25":2,"26":2,"27":2,"28":1,"29":1,"30":1,"31":4,"32":3,"33":3,"34":3,"35":3,"36":3,"37":3,"38":0,"39":2,"40":0,"41":0,"42":0,"43":0,"44":0,"45":0,"46":0,"47":0,"48":0,"49":0,"50":0,"51":0,"52":0,"53":0,"54":0,"55":0,"56":0,"57":0,"58":2,"59":2,"60":0,"61":0,"62":0,"63":2,"64":2,"65":3,"66":3,"67":3,"68":1},"f":{"0":4,"1":4,"2":4,"3":4,"4":0,"5":0,"6":2,"7":3,"8":2,"9":0,"10":0,"11":0,"12":0,"13":0,"14":0,"15":0,"16":0,"17":0,"18":0,"19":2,"20":0,"21":0,"22":3,"23":1},"b":{"0":[0,4],"1":[4,0],"2":[0,4],"3":[1,0],"4":[0,0],"5":[0,0],"6":[0,0]},"meta":{"lastBranch":7,"lastFunction":24,"lastStatement":69,"seen":{"s:30:38:30:Infinity":0,"f:32:9:32:25":0,"s:33:41:33:43":1,"s:34:2:35:Infinity":2,"s:35:4:35:Infinity":3,"s:37:2:37:Infinity":4,"s:62:13:178:Infinity":5,"f:62:34:62:59":1,"s:63:8:85:Infinity":6,"f:63:8:63:25":2,"s:64:4:85:Infinity":7,"f:64:4:64:9":3,"s:65:16:65:Infinity":8,"s:66:21:66:51":9,"s:67:23:67:Infinity":10,"s:68:22:68:61":11,"f:68:31:68:42":4,"s:68:48:68:61":12,"b:70:6:78:Infinity:73:13:78:Infinity":0,"s:70:6:78:Infinity":13,"s:71:8:71:Infinity":14,"s:72:8:72:Infinity":15,"s:74:25:74:62":16,"f:74:34:74:45":5,"s:74:51:74:62":17,"b:75:8:78:Infinity:77:15:78:Infinity":1,"s:75:8:78:Infinity":18,"s:76:10:76:Infinity":19,"s:78:10:78:Infinity":20,"b:81:6:82:Infinity:undefined:undefined:undefined:undefined":2,"s:81:6:82:Infinity":21,"s:82:8:82:Infinity":22,"s:84:6:84:Infinity":23,"s:87:22:97:Infinity":24,"f:87:22:87:29":6,"s:88:4:88:Infinity":25,"s:89:4:97:Infinity":26,"s:90:23:90:33":27,"s:91:6:91:Infinity":28,"s:92:6:92:Infinity":29,"s:94:6:97:Infinity":30,"b:96:36:96:48:96:48:96:Infinity":3,"s:101:2:177:Infinity":31,"f:110:18:110:25":7,"s:111:6:111:Infinity":32,"s:112:6:121:Infinity":33,"s:113:8:113:Infinity":34,"s:114:25:114:44":35,"s:115:8:115:Infinity":36,"s:116:8:116:Infinity":37,"s:118:8:121:Infinity":38,"b:120:38:120:50:120:50:120:Infinity":4,"f:125:4:125:18":8,"s:125:18:125:41":39,"f:126:4:126:20":9,"s:126:20:126:45":40,"f:127:4:127:19":10,"s:127:19:127:43":41,"f:128:14:128:26":11,"s:129:6:129:Infinity":42,"s:130:6:143:Infinity":43,"s:131:25:131:45":44,"s:132:8:138:Infinity":45,"s:140:8:143:Infinity":46,"b:142:38:142:50:142:50:142:Infinity":5,"f:146:4:146:18":12,"s:146:28:146:63":47,"f:146:28:146:46":13,"s:146:28:146:62":48,"f:147:4:147:20":14,"s:147:43:147:94":49,"f:147:43:147:61":15,"s:147:43:147:93":50,"f:148:4:148:18":16,"s:148:30:148:67":51,"f:148:30:148:48":17,"s:148:30:148:66":52,"f:150:19:150:31":18,"s:151:6:156:Infinity":53,"s:152:25:152:44":54,"s:153:8:153:Infinity":55,"s:154:8:154:Infinity":56,"s:156:8:156:Infinity":57,"b:156:42:156:54:156:54:156:63":6,"f:160:4:160:22":19,"s:161:6:161:Infinity":58,"s:162:21:165:Infinity":59,"f:162:25:162:36":20,"s:163:8:163:Infinity":60,"f:163:8:163:13":21,"s:163:20:163:52":61,"s:164:8:164:Infinity":62,"s:166:6:166:Infinity":63,"s:167:6:167:Infinity":64,"f:170:4:170:25":22,"s:171:28:171:33":65,"s:172:6:172:Infinity":66,"s:173:6:173:Infinity":67,"f:176:4:176:22":23,"s:176:22:176:Infinity":68}}}
}
